<?xml version="1.0" encoding="UTF-8"?>
<!-- Generated by org.testng.reporters.JUnitXMLReporter -->
<testsuite ignored="1" hostname="KairosHW0441" failures="0" tests="1" name="Default test" time="1.618" errors="0" timestamp="2024-04-27T22:06:58 IST">
  <testcase classname="day3.PostQueryAndPathParameters" name="testLocalPathQueryParameter" time="1.559"/>
  <testcase classname="day3.PostQueryAndPathParameters" name="testQueryAndPathParameters" time="0.0">
    <ignored/>
  </testcase> <!-- testQueryAndPathParameters -->
</testsuite> <!-- Default test -->
