<?xml version="1.0" encoding="UTF-8"?>
<testng-results ignored="1" total="2" passed="1" failed="0" skipped="0">
  <reporter-output>
  </reporter-output>
  <suite started-at="2024-04-27T22:06:56 IST" name="Default suite" finished-at="2024-04-27T22:06:58 IST" duration-ms="1618">
    <groups>
    </groups>
    <test started-at="2024-04-27T22:06:56 IST" name="Default test" finished-at="2024-04-27T22:06:58 IST" duration-ms="1618">
      <class name="day3.PostQueryAndPathParameters">
        <test-method signature="testLocalPathQueryParameter()[pri:0, instance:day3.PostQueryAndPathParameters@63376bed]" started-at="2024-04-27T22:06:56 IST" name="testLocalPathQueryParameter" finished-at="2024-04-27T22:06:58 IST" duration-ms="1559" status="PASS">
          <reporter-output>
          </reporter-output>
        </test-method> <!-- testLocalPathQueryParameter -->
      </class> <!-- day3.PostQueryAndPathParameters -->
    </test> <!-- Default test -->
  </suite> <!-- Default suite -->
</testng-results>
